e:\code\visual studio 2017\lua\lualib\release\lualib.pdb
e:\code\visual studio 2017\lua\lualib\release\lobject.obj
e:\code\visual studio 2017\lua\lualib\release\loadlib.obj
e:\code\visual studio 2017\lua\lualib\release\lmem.obj
e:\code\visual studio 2017\lua\lualib\release\lmathlib.obj
e:\code\visual studio 2017\lua\lualib\release\llex.obj
e:\code\visual studio 2017\lua\lualib\release\liolib.obj
e:\code\visual studio 2017\lua\lualib\release\linit.obj
e:\code\visual studio 2017\lua\lualib\release\lgc.obj
e:\code\visual studio 2017\lua\lualib\release\lfunc.obj
e:\code\visual studio 2017\lua\lualib\release\ldump.obj
e:\code\visual studio 2017\lua\lualib\release\ldo.obj
e:\code\visual studio 2017\lua\lualib\release\ldebug.obj
e:\code\visual studio 2017\lua\lualib\release\ldblib.obj
e:\code\visual studio 2017\lua\lualib\release\lctype.obj
e:\code\visual studio 2017\lua\lualib\release\lcorolib.obj
e:\code\visual studio 2017\lua\lualib\release\lcode.obj
e:\code\visual studio 2017\lua\lualib\release\lbitlib.obj
e:\code\visual studio 2017\lua\lualib\release\lbaselib.obj
e:\code\visual studio 2017\lua\lualib\release\lauxlib.obj
e:\code\visual studio 2017\lua\lualib\release\lapi.obj
e:\code\visual studio 2017\lua\lualib\release\lzio.obj
e:\code\visual studio 2017\lua\lualib\release\lvm.obj
e:\code\visual studio 2017\lua\lualib\release\lutf8lib.obj
e:\code\visual studio 2017\lua\lualib\release\lundump.obj
e:\code\visual studio 2017\lua\lualib\release\luac.obj
e:\code\visual studio 2017\lua\lualib\release\lua.obj
e:\code\visual studio 2017\lua\lualib\release\ltm.obj
e:\code\visual studio 2017\lua\lualib\release\ltests.obj
e:\code\visual studio 2017\lua\lualib\release\ltablib.obj
e:\code\visual studio 2017\lua\lualib\release\ltable.obj
e:\code\visual studio 2017\lua\lualib\release\lstrlib.obj
e:\code\visual studio 2017\lua\lualib\release\lstring.obj
e:\code\visual studio 2017\lua\lualib\release\lstate.obj
e:\code\visual studio 2017\lua\lualib\release\lparser.obj
e:\code\visual studio 2017\lua\lualib\release\loslib.obj
e:\code\visual studio 2017\lua\lualib\release\lopcodes.obj
e:\code\visual studio 2017\lua\release\lualib.lib
e:\code\visual studio 2017\lua\lualib\release\lualib.tlog\cl.command.1.tlog
e:\code\visual studio 2017\lua\lualib\release\lualib.tlog\cl.read.1.tlog
e:\code\visual studio 2017\lua\lualib\release\lualib.tlog\cl.write.1.tlog
e:\code\visual studio 2017\lua\lualib\release\lualib.tlog\lib-link.read.1.tlog
e:\code\visual studio 2017\lua\lualib\release\lualib.tlog\lib-link.write.1.tlog
e:\code\visual studio 2017\lua\lualib\release\lualib.tlog\lib.command.1.tlog
