D:\IDE\Microsoft Visual Studio 2017\Common7\IDE\VC\VCTargets\Microsoft.CppClean.targets(76,5): warning : 对路径“e:\code\visual studio 2017\lua\release\lualib.lib”的访问被拒绝。
  lapi.c
  lauxlib.c
  lbaselib.c
  lbitlib.c
  lcode.c
  lcorolib.c
  lctype.c
  ldblib.c
  ldebug.c
  ldo.c
  ldump.c
  lfunc.c
  lgc.c
  linit.c
  liolib.c
  llex.c
  lmathlib.c
  lmem.c
  loadlib.c
  lobject.c
  正在编译...
  lopcodes.c
  loslib.c
  lparser.c
  lstate.c
  lstring.c
  lstrlib.c
  ltable.c
  ltablib.c
  ltests.c
  ltm.c
  lua.c
  luac.c
  lundump.c
  lutf8lib.c
  lvm.c
  lzio.c
lua.obj : warning LNK4006: _main 已在 luac.obj 中定义；已忽略第二个定义
  lualib.vcxproj -> E:\code\Visual Studio 2017\lua\Release\lualib.lib
